=======================================================
Got the following information out of the input file:
=======================================================
.xyz filename: W_CO_6.xyz
bond info starts on line (counting starts from 0): 12
charge info starts on line (counting starts from 0): 3535
---------------------------------------------------------
bond info:
0 ['W', 'C', '1.89', '1.91', '1']
1 ['W', 'O', '1.89', '1.91', '1']
2 ['W', 'W', '2.50', '2.50', '1']
3 ['C', 'O', '1.20', '1.35', '1']
4 ['C', 'C', '1.49', '1.53', '1']
5 ['C', 'C', '1.35', '1.40', '2']
6 ['C', 'C', '1.40', '1.49', '2.5']
7 ['O', 'O', '1.50', '0.52', '1']
8 ['C', 'H', '1.00', '1.20', '1']
9 ['O', 'H', '1.50', '1.50', '1']
10 ['H', 'H', '1.50', '1.50', '1']
11 ['C', 'F', '1.35', '1.45', '1']
12 ['O', 'F', '1.50', '1.50', '1']
13 ['F', 'F', '1.50', '1.50', '1']
14 ['F', 'H', '1.50', '1.50', '1']
15 ['Au', 'C', '2.06', '2.07', '0.5']
16 ['Au', 'O', '2.10', '2.20', '0.5']
17 ['Au', 'F', '2.00', '2.00', '0.5']
18 ['Au', 'H', '2.00', '2.00', '0.5']
atomic charges:
0 ['8', '0.245']
1 ['5', '0.567']
----------------------------------------------------


======================================================
Atomic charges:
======================================================
0 W W1 1 0.0
1 C C1 2 0.0
2 O O1 3 0.0
3 C C2 4 0.0
4 O O2 5 0.567
5 C C3 6 0.0
6 O O3 7 0.0
7 C C4 8 0.245
8 O O4 9 0.0
9 C C5 10 0.0
10 O O5 11 0.0
11 C C6 12 0.0
12 O O6 13 0.0
-----------------------------------------------------

connectivity_matrix
-------------------------------------------
[0.0, 1.0, 0.0, 1.0, 0.0, 1.0, 0.0, 1.0, 0.0, 1.0, 0.0, 1.0, 0.0]
[1.0, 0.0, 1.0, 0.0, 0.0, 0.0, 0.0, 0.0, 0.0, 0.0, 0.0, 0.0, 0.0]
[0.0, 1.0, 0.0, 0.0, 0.0, 0.0, 0.0, 0.0, 0.0, 0.0, 0.0, 0.0, 0.0]
[1.0, 0.0, 0.0, 0.0, 1.0, 0.0, 0.0, 0.0, 0.0, 0.0, 0.0, 0.0, 0.0]
[0.0, 0.0, 0.0, 1.0, 0.0, 0.0, 0.0, 0.0, 0.0, 0.0, 0.0, 0.0, 0.0]
[1.0, 0.0, 0.0, 0.0, 0.0, 0.0, 1.0, 0.0, 0.0, 0.0, 0.0, 0.0, 0.0]
[0.0, 0.0, 0.0, 0.0, 0.0, 1.0, 0.0, 0.0, 0.0, 0.0, 0.0, 0.0, 0.0]
[1.0, 0.0, 0.0, 0.0, 0.0, 0.0, 0.0, 0.0, 1.0, 0.0, 0.0, 0.0, 0.0]
[0.0, 0.0, 0.0, 0.0, 0.0, 0.0, 0.0, 1.0, 0.0, 0.0, 0.0, 0.0, 0.0]
[1.0, 0.0, 0.0, 0.0, 0.0, 0.0, 0.0, 0.0, 0.0, 0.0, 1.0, 0.0, 0.0]
[0.0, 0.0, 0.0, 0.0, 0.0, 0.0, 0.0, 0.0, 0.0, 1.0, 0.0, 0.0, 0.0]
[1.0, 0.0, 0.0, 0.0, 0.0, 0.0, 0.0, 0.0, 0.0, 0.0, 0.0, 0.0, 1.0]
[0.0, 0.0, 0.0, 0.0, 0.0, 0.0, 0.0, 0.0, 0.0, 0.0, 0.0, 1.0, 0.0]


